<?xml version="1.0" encoding="UTF-8"?>
<testng-results skipped="0" failed="0" ignored="0" total="1" passed="1">
  <reporter-output>
  </reporter-output>
  <suite name="Default suite" duration-ms="50270" started-at="2018-06-17T07:00:34Z" finished-at="2018-06-17T07:01:24Z">
    <groups>
    </groups>
    <test name="Default test" duration-ms="50270" started-at="2018-06-17T07:00:34Z" finished-at="2018-06-17T07:01:24Z">
      <class name="com.ryanair.testcases.BookingDeclinedTest">
        <test-method status="PASS" signature="setUp()[pri:0, instance:com.ryanair.testcases.BookingDeclinedTest@10bdf5e5]" name="setUp" is-config="true" duration-ms="10048" started-at="2018-06-17T08:00:34Z" finished-at="2018-06-17T08:00:44Z">
          <reporter-output>
          </reporter-output>
        </test-method> <!-- setUp -->
        <test-method status="PASS" signature="bookingDeclinedTest()[pri:0, instance:com.ryanair.testcases.BookingDeclinedTest@10bdf5e5]" name="bookingDeclinedTest" duration-ms="39252" started-at="2018-06-17T08:00:44Z" finished-at="2018-06-17T08:01:23Z">
          <reporter-output>
          </reporter-output>
        </test-method> <!-- bookingDeclinedTest -->
        <test-method status="PASS" signature="teardown()[pri:0, instance:com.ryanair.testcases.BookingDeclinedTest@10bdf5e5]" name="teardown" is-config="true" duration-ms="935" started-at="2018-06-17T08:01:23Z" finished-at="2018-06-17T08:01:24Z">
          <reporter-output>
          </reporter-output>
        </test-method> <!-- teardown -->
      </class> <!-- com.ryanair.testcases.BookingDeclinedTest -->
    </test> <!-- Default test -->
  </suite> <!-- Default suite -->
</testng-results>
